[debug] [2022-02-21T23:15:41.420Z] ----------------------------------------------------------------------
[debug] [2022-02-21T23:15:41.422Z] Command:       C:\Program Files\nodejs\nodejs\node.exe C:\Users\victo\AppData\Roaming\npm\node_modules\firebase-tools\lib\bin\firebase.js init
[debug] [2022-02-21T23:15:41.422Z] CLI Version:   10.2.1
[debug] [2022-02-21T23:15:41.423Z] Platform:      win32
[debug] [2022-02-21T23:15:41.423Z] Node Version:  v16.13.1
[debug] [2022-02-21T23:15:41.423Z] Time:          Mon Feb 21 2022 20:15:41 GMT-0300 (Horário Padrão de Brasília)
[debug] [2022-02-21T23:15:41.424Z] ----------------------------------------------------------------------
[debug] 
[debug] [2022-02-21T23:15:41.500Z] > command requires scopes: ["email","openid","https://www.googleapis.com/auth/cloudplatformprojects.readonly","https://www.googleapis.com/auth/firebase","https://www.googleapis.com/auth/cloud-platform"]
[debug] [2022-02-21T23:15:41.501Z] > authorizing via signed-in user (freefagames9587@gmail.com)
[info] 
     ######## #### ########  ######## ########     ###     ######  ########
     ##        ##  ##     ## ##       ##     ##  ##   ##  ##       ##
     ######    ##  ########  ######   ########  #########  ######  ######
     ##        ##  ##    ##  ##       ##     ## ##     ##       ## ##
     ##       #### ##     ## ######## ########  ##     ##  ######  ########

You're about to initialize a Firebase project in this directory:

  C:\repos\FiisInsano

Before we get started, keep in mind:

  * You are currently outside your home directory
  * You are initializing within an existing Firebase project directory

